<?xml version="1.0" encoding="utf-8"?>
<coverage line-rate="0.2857" branch-rate="0.5925" version="1.9" timestamp="1765099587" lines-covered="656" lines-valid="2296" branches-covered="32" branches-valid="54">
  <sources>
    <source>C:\Users\zekierdem\Desktop\web_final\backend\</source>
  </sources>
  <packages>
    <package name="SmartCampus.API" line-rate="0.2857" branch-rate="0.5925" complexity="78">
      <classes>
        <class name="SmartCampus.API.Program" filename="Program.cs" line-rate="0.8782" branch-rate="0.5" complexity="6">
          <methods>
            <method name="Main" signature="(System.String[])" line-rate="0.8782" branch-rate="0.5" complexity="6">
              <lines>
                <line number="17" hits="2" branch="False" />
                <line number="18" hits="2" branch="False" />
                <line number="21" hits="2" branch="False" />
                <line number="22" hits="2" branch="False" />
                <line number="23" hits="2" branch="False" />
                <line number="24" hits="2" branch="False" />
                <line number="25" hits="2" branch="False" />
                <line number="26" hits="2" branch="False" />
                <line number="27" hits="2" branch="False" />
                <line number="30" hits="2" branch="True" condition-coverage="50% (1/2)">
                  <conditions>
                    <condition number="102" type="jump" coverage="50%" />
                  </conditions>
                </line>
                <line number="31" hits="0" branch="False" />
                <line number="32" hits="0" branch="False" />
                <line number="33" hits="0" branch="False" />
                <line number="34" hits="0" branch="False" />
                <line number="35" hits="0" branch="False" />
                <line number="36" hits="0" branch="False" />
                <line number="39" hits="2" branch="True" condition-coverage="50% (1/2)">
                  <conditions>
                    <condition number="215" type="jump" coverage="50%" />
                  </conditions>
                </line>
                <line number="40" hits="2" branch="False" />
                <line number="41" hits="2" branch="False" />
                <line number="43" hits="2" branch="False" />
                <line number="44" hits="2" branch="False" />
                <line number="45" hits="2" branch="False" />
                <line number="46" hits="2" branch="False" />
                <line number="47" hits="2" branch="False" />
                <line number="48" hits="2" branch="False" />
                <line number="49" hits="2" branch="False" />
                <line number="50" hits="2" branch="False" />
                <line number="51" hits="2" branch="False" />
                <line number="52" hits="2" branch="False" />
                <line number="53" hits="2" branch="False" />
                <line number="54" hits="2" branch="False" />
                <line number="55" hits="2" branch="False" />
                <line number="56" hits="2" branch="False" />
                <line number="57" hits="2" branch="False" />
                <line number="58" hits="2" branch="False" />
                <line number="59" hits="2" branch="False" />
                <line number="60" hits="2" branch="False" />
                <line number="61" hits="2" branch="False" />
                <line number="62" hits="2" branch="False" />
                <line number="63" hits="2" branch="False" />
                <line number="66" hits="2" branch="False" />
                <line number="69" hits="2" branch="False" />
                <line number="70" hits="2" branch="False" />
                <line number="71" hits="2" branch="False" />
                <line number="72" hits="2" branch="False" />
                <line number="75" hits="2" branch="False" />
                <line number="76" hits="2" branch="False" />
                <line number="77" hits="2" branch="False" />
                <line number="78" hits="2" branch="False" />
                <line number="79" hits="2" branch="False" />
                <line number="80" hits="2" branch="False" />
                <line number="81" hits="2" branch="False" />
                <line number="82" hits="2" branch="False" />
                <line number="83" hits="2" branch="False" />
                <line number="84" hits="2" branch="False" />
                <line number="89" hits="2" branch="False" />
                <line number="90" hits="2" branch="False" />
                <line number="91" hits="2" branch="False" />
                <line number="92" hits="2" branch="False" />
                <line number="93" hits="2" branch="False" />
                <line number="94" hits="2" branch="False" />
                <line number="95" hits="2" branch="False" />
                <line number="96" hits="2" branch="False" />
                <line number="97" hits="2" branch="False" />
                <line number="98" hits="2" branch="False" />
                <line number="99" hits="2" branch="False" />
                <line number="100" hits="2" branch="False" />
                <line number="101" hits="2" branch="False" />
                <line number="102" hits="2" branch="False" />
                <line number="103" hits="2" branch="False" />
                <line number="104" hits="2" branch="False" />
                <line number="105" hits="2" branch="False" />
                <line number="106" hits="2" branch="False" />
                <line number="107" hits="2" branch="False" />
                <line number="108" hits="2" branch="False" />
                <line number="109" hits="2" branch="False" />
                <line number="110" hits="2" branch="False" />
                <line number="111" hits="2" branch="False" />
                <line number="112" hits="2" branch="False" />
                <line number="113" hits="2" branch="False" />
                <line number="114" hits="2" branch="False" />
                <line number="115" hits="2" branch="False" />
                <line number="116" hits="2" branch="False" />
                <line number="117" hits="2" branch="False" />
                <line number="118" hits="2" branch="False" />
                <line number="119" hits="2" branch="False" />
                <line number="120" hits="2" branch="False" />
                <line number="121" hits="2" branch="False" />
                <line number="122" hits="2" branch="False" />
                <line number="123" hits="2" branch="False" />
                <line number="125" hits="2" branch="False" />
                <line number="128" hits="2" branch="False" />
                <line number="130" hits="2" branch="True" condition-coverage="50% (1/2)">
                  <conditions>
                    <condition number="525" type="jump" coverage="50%" />
                  </conditions>
                </line>
                <line number="131" hits="0" branch="False" />
                <line number="132" hits="0" branch="False" />
                <line number="133" hits="0" branch="False" />
                <line number="134" hits="0" branch="False" />
                <line number="135" hits="0" branch="False" />
                <line number="136" hits="0" branch="False" />
                <line number="137" hits="0" branch="False" />
                <line number="138" hits="0" branch="False" />
                <line number="140" hits="2" branch="False" />
                <line number="143" hits="2" branch="False" />
                <line number="144" hits="2" branch="False" />
                <line number="145" hits="2" branch="False" />
                <line number="146" hits="2" branch="False" />
                <line number="147" hits="2" branch="False" />
                <line number="148" hits="2" branch="False" />
                <line number="149" hits="2" branch="False" />
                <line number="151" hits="2" branch="False" />
                <line number="153" hits="2" branch="False" />
                <line number="154" hits="2" branch="False" />
                <line number="156" hits="2" branch="False" />
                <line number="158" hits="2" branch="False" />
                <line number="159" hits="2" branch="False" />
              </lines>
            </method>
          </methods>
          <lines>
            <line number="17" hits="2" branch="False" />
            <line number="18" hits="2" branch="False" />
            <line number="21" hits="2" branch="False" />
            <line number="22" hits="2" branch="False" />
            <line number="23" hits="2" branch="False" />
            <line number="24" hits="2" branch="False" />
            <line number="25" hits="2" branch="False" />
            <line number="26" hits="2" branch="False" />
            <line number="27" hits="2" branch="False" />
            <line number="30" hits="2" branch="True" condition-coverage="50% (1/2)">
              <conditions>
                <condition number="102" type="jump" coverage="50%" />
              </conditions>
            </line>
            <line number="31" hits="0" branch="False" />
            <line number="32" hits="0" branch="False" />
            <line number="33" hits="0" branch="False" />
            <line number="34" hits="0" branch="False" />
            <line number="35" hits="0" branch="False" />
            <line number="36" hits="0" branch="False" />
            <line number="39" hits="2" branch="True" condition-coverage="50% (1/2)">
              <conditions>
                <condition number="215" type="jump" coverage="50%" />
              </conditions>
            </line>
            <line number="40" hits="2" branch="False" />
            <line number="41" hits="2" branch="False" />
            <line number="43" hits="2" branch="False" />
            <line number="44" hits="2" branch="False" />
            <line number="45" hits="2" branch="False" />
            <line number="46" hits="2" branch="False" />
            <line number="47" hits="2" branch="False" />
            <line number="48" hits="2" branch="False" />
            <line number="49" hits="2" branch="False" />
            <line number="50" hits="2" branch="False" />
            <line number="51" hits="2" branch="False" />
            <line number="52" hits="2" branch="False" />
            <line number="53" hits="2" branch="False" />
            <line number="54" hits="2" branch="False" />
            <line number="55" hits="2" branch="False" />
            <line number="56" hits="2" branch="False" />
            <line number="57" hits="2" branch="False" />
            <line number="58" hits="2" branch="False" />
            <line number="59" hits="2" branch="False" />
            <line number="60" hits="2" branch="False" />
            <line number="61" hits="2" branch="False" />
            <line number="62" hits="2" branch="False" />
            <line number="63" hits="2" branch="False" />
            <line number="66" hits="2" branch="False" />
            <line number="69" hits="2" branch="False" />
            <line number="70" hits="2" branch="False" />
            <line number="71" hits="2" branch="False" />
            <line number="72" hits="2" branch="False" />
            <line number="75" hits="2" branch="False" />
            <line number="76" hits="2" branch="False" />
            <line number="77" hits="2" branch="False" />
            <line number="78" hits="2" branch="False" />
            <line number="79" hits="2" branch="False" />
            <line number="80" hits="2" branch="False" />
            <line number="81" hits="2" branch="False" />
            <line number="82" hits="2" branch="False" />
            <line number="83" hits="2" branch="False" />
            <line number="84" hits="2" branch="False" />
            <line number="89" hits="2" branch="False" />
            <line number="90" hits="2" branch="False" />
            <line number="91" hits="2" branch="False" />
            <line number="92" hits="2" branch="False" />
            <line number="93" hits="2" branch="False" />
            <line number="94" hits="2" branch="False" />
            <line number="95" hits="2" branch="False" />
            <line number="96" hits="2" branch="False" />
            <line number="97" hits="2" branch="False" />
            <line number="98" hits="2" branch="False" />
            <line number="99" hits="2" branch="False" />
            <line number="100" hits="2" branch="False" />
            <line number="101" hits="2" branch="False" />
            <line number="102" hits="2" branch="False" />
            <line number="103" hits="2" branch="False" />
            <line number="104" hits="2" branch="False" />
            <line number="105" hits="2" branch="False" />
            <line number="106" hits="2" branch="False" />
            <line number="107" hits="2" branch="False" />
            <line number="108" hits="2" branch="False" />
            <line number="109" hits="2" branch="False" />
            <line number="110" hits="2" branch="False" />
            <line number="111" hits="2" branch="False" />
            <line number="112" hits="2" branch="False" />
            <line number="113" hits="2" branch="False" />
            <line number="114" hits="2" branch="False" />
            <line number="115" hits="2" branch="False" />
            <line number="116" hits="2" branch="False" />
            <line number="117" hits="2" branch="False" />
            <line number="118" hits="2" branch="False" />
            <line number="119" hits="2" branch="False" />
            <line number="120" hits="2" branch="False" />
            <line number="121" hits="2" branch="False" />
            <line number="122" hits="2" branch="False" />
            <line number="123" hits="2" branch="False" />
            <line number="125" hits="2" branch="False" />
            <line number="128" hits="2" branch="False" />
            <line number="130" hits="2" branch="True" condition-coverage="50% (1/2)">
              <conditions>
                <condition number="525" type="jump" coverage="50%" />
              </conditions>
            </line>
            <line number="131" hits="0" branch="False" />
            <line number="132" hits="0" branch="False" />
            <line number="133" hits="0" branch="False" />
            <line number="134" hits="0" branch="False" />
            <line number="135" hits="0" branch="False" />
            <line number="136" hits="0" branch="False" />
            <line number="137" hits="0" branch="False" />
            <line number="138" hits="0" branch="False" />
            <line number="140" hits="2" branch="False" />
            <line number="143" hits="2" branch="False" />
            <line number="144" hits="2" branch="False" />
            <line number="145" hits="2" branch="False" />
            <line number="146" hits="2" branch="False" />
            <line number="147" hits="2" branch="False" />
            <line number="148" hits="2" branch="False" />
            <line number="149" hits="2" branch="False" />
            <line number="151" hits="2" branch="False" />
            <line number="153" hits="2" branch="False" />
            <line number="154" hits="2" branch="False" />
            <line number="156" hits="2" branch="False" />
            <line number="158" hits="2" branch="False" />
            <line number="159" hits="2" branch="False" />
          </lines>
        </class>
        <class name="SmartCampus.API.Services.AuthService" filename="Services\AuthService.cs" line-rate="1" branch-rate="0.6666" complexity="13">
          <methods>
            <method name="MapUserToDto" signature="(SmartCampus.API.Models.User)" line-rate="1" branch-rate="0.6666" complexity="12">
              <lines>
                <line number="440" hits="19" branch="False" />
                <line number="441" hits="19" branch="False" />
                <line number="442" hits="19" branch="False" />
                <line number="443" hits="19" branch="False" />
                <line number="444" hits="19" branch="False" />
                <line number="445" hits="19" branch="False" />
                <line number="446" hits="19" branch="False" />
                <line number="447" hits="19" branch="False" />
                <line number="448" hits="19" branch="False" />
                <line number="449" hits="19" branch="False" />
                <line number="450" hits="19" branch="False" />
                <line number="451" hits="19" branch="False" />
                <line number="452" hits="19" branch="False" />
                <line number="453" hits="19" branch="False" />
                <line number="454" hits="19" branch="False" />
                <line number="456" hits="19" branch="True" condition-coverage="100% (2/2)">
                  <conditions>
                    <condition number="175" type="jump" coverage="100%" />
                  </conditions>
                </line>
                <line number="457" hits="13" branch="False" />
                <line number="458" hits="13" branch="True" condition-coverage="50% (2/4)">
                  <conditions>
                    <condition number="218" type="jump" coverage="50%" />
                    <condition number="230" type="jump" coverage="50%" />
                  </conditions>
                </line>
                <line number="459" hits="13" branch="False" />
                <line number="460" hits="13" branch="False" />
                <line number="461" hits="13" branch="False" />
                <line number="462" hits="13" branch="False" />
                <line number="463" hits="13" branch="False" />
                <line number="464" hits="13" branch="False" />
                <line number="465" hits="13" branch="False" />
                <line number="466" hits="13" branch="False" />
                <line number="467" hits="13" branch="False" />
                <line number="468" hits="13" branch="False" />
                <line number="470" hits="19" branch="True" condition-coverage="100% (2/2)">
                  <conditions>
                    <condition number="352" type="jump" coverage="100%" />
                  </conditions>
                </line>
                <line number="471" hits="2" branch="False" />
                <line number="472" hits="2" branch="True" condition-coverage="50% (2/4)">
                  <conditions>
                    <condition number="395" type="jump" coverage="50%" />
                    <condition number="407" type="jump" coverage="50%" />
                  </conditions>
                </line>
                <line number="473" hits="2" branch="False" />
                <line number="474" hits="2" branch="False" />
                <line number="475" hits="2" branch="False" />
                <line number="476" hits="2" branch="False" />
                <line number="477" hits="2" branch="False" />
                <line number="478" hits="2" branch="False" />
                <line number="479" hits="2" branch="False" />
                <line number="480" hits="2" branch="False" />
                <line number="481" hits="2" branch="False" />
                <line number="483" hits="19" branch="False" />
                <line number="484" hits="19" branch="False" />
              </lines>
            </method>
            <method name=".ctor" signature="(SmartCampus.API.Data.ApplicationDbContext,SmartCampus.API.Services.IJwtService,SmartCampus.API.Services.IEmailService,Microsoft.Extensions.Configuration.IConfiguration,Microsoft.Extensions.Logging.ILogger`1&lt;SmartCampus.API.Services.AuthService&gt;)" line-rate="1" branch-rate="1" complexity="1">
              <lines>
                <line number="16" hits="58" branch="False" />
                <line number="17" hits="58" branch="False" />
                <line number="18" hits="58" branch="False" />
                <line number="19" hits="58" branch="False" />
                <line number="20" hits="58" branch="False" />
                <line number="21" hits="58" branch="False" />
                <line number="22" hits="58" branch="False" />
                <line number="23" hits="58" branch="False" />
                <line number="24" hits="58" branch="False" />
                <line number="25" hits="58" branch="False" />
                <line number="26" hits="58" branch="False" />
                <line number="27" hits="58" branch="False" />
                <line number="28" hits="58" branch="False" />
              </lines>
            </method>
          </methods>
          <lines>
            <line number="440" hits="19" branch="False" />
            <line number="441" hits="19" branch="False" />
            <line number="442" hits="19" branch="False" />
            <line number="443" hits="19" branch="False" />
            <line number="444" hits="19" branch="False" />
            <line number="445" hits="19" branch="False" />
            <line number="446" hits="19" branch="False" />
            <line number="447" hits="19" branch="False" />
            <line number="448" hits="19" branch="False" />
            <line number="449" hits="19" branch="False" />
            <line number="450" hits="19" branch="False" />
            <line number="451" hits="19" branch="False" />
            <line number="452" hits="19" branch="False" />
            <line number="453" hits="19" branch="False" />
            <line number="454" hits="19" branch="False" />
            <line number="456" hits="19" branch="True" condition-coverage="100% (2/2)">
              <conditions>
                <condition number="175" type="jump" coverage="100%" />
              </conditions>
            </line>
            <line number="457" hits="13" branch="False" />
            <line number="458" hits="13" branch="True" condition-coverage="50% (2/4)">
              <conditions>
                <condition number="218" type="jump" coverage="50%" />
                <condition number="230" type="jump" coverage="50%" />
              </conditions>
            </line>
            <line number="459" hits="13" branch="False" />
            <line number="460" hits="13" branch="False" />
            <line number="461" hits="13" branch="False" />
            <line number="462" hits="13" branch="False" />
            <line number="463" hits="13" branch="False" />
            <line number="464" hits="13" branch="False" />
            <line number="465" hits="13" branch="False" />
            <line number="466" hits="13" branch="False" />
            <line number="467" hits="13" branch="False" />
            <line number="468" hits="13" branch="False" />
            <line number="470" hits="19" branch="True" condition-coverage="100% (2/2)">
              <conditions>
                <condition number="352" type="jump" coverage="100%" />
              </conditions>
            </line>
            <line number="471" hits="2" branch="False" />
            <line number="472" hits="2" branch="True" condition-coverage="50% (2/4)">
              <conditions>
                <condition number="395" type="jump" coverage="50%" />
                <condition number="407" type="jump" coverage="50%" />
              </conditions>
            </line>
            <line number="473" hits="2" branch="False" />
            <line number="474" hits="2" branch="False" />
            <line number="475" hits="2" branch="False" />
            <line number="476" hits="2" branch="False" />
            <line number="477" hits="2" branch="False" />
            <line number="478" hits="2" branch="False" />
            <line number="479" hits="2" branch="False" />
            <line number="480" hits="2" branch="False" />
            <line number="481" hits="2" branch="False" />
            <line number="483" hits="19" branch="False" />
            <line number="484" hits="19" branch="False" />
            <line number="16" hits="58" branch="False" />
            <line number="17" hits="58" branch="False" />
            <line number="18" hits="58" branch="False" />
            <line number="19" hits="58" branch="False" />
            <line number="20" hits="58" branch="False" />
            <line number="21" hits="58" branch="False" />
            <line number="22" hits="58" branch="False" />
            <line number="23" hits="58" branch="False" />
            <line number="24" hits="58" branch="False" />
            <line number="25" hits="58" branch="False" />
            <line number="26" hits="58" branch="False" />
            <line number="27" hits="58" branch="False" />
            <line number="28" hits="58" branch="False" />
          </lines>
        </class>
        <class name="SmartCampus.API.Services.EmailService" filename="Services\EmailService.cs" line-rate="1" branch-rate="1" complexity="1">
          <methods>
            <method name=".ctor" signature="(Microsoft.Extensions.Configuration.IConfiguration,Microsoft.Extensions.Logging.ILogger`1&lt;SmartCampus.API.Services.EmailService&gt;)" line-rate="1" branch-rate="1" complexity="1">
              <lines>
                <line number="12" hits="41" branch="False" />
                <line number="13" hits="41" branch="False" />
                <line number="14" hits="41" branch="False" />
                <line number="15" hits="41" branch="False" />
                <line number="16" hits="41" branch="False" />
              </lines>
            </method>
          </methods>
          <lines>
            <line number="12" hits="41" branch="False" />
            <line number="13" hits="41" branch="False" />
            <line number="14" hits="41" branch="False" />
            <line number="15" hits="41" branch="False" />
            <line number="16" hits="41" branch="False" />
          </lines>
        </class>
        <class name="SmartCampus.API.Services.JwtService" filename="Services\JwtService.cs" line-rate="0.9863" branch-rate="0.5" complexity="13">
          <methods>
            <method name="GenerateAccessToken" signature="(SmartCampus.API.Models.User)" line-rate="1" branch-rate="0.5" complexity="4">
              <lines>
                <line number="20" hits="22" branch="False" />
                <line number="21" hits="22" branch="True" condition-coverage="50% (1/2)">
                  <conditions>
                    <condition number="18" type="jump" coverage="50%" />
                  </conditions>
                </line>
                <line number="22" hits="22" branch="False" />
                <line number="23" hits="22" branch="False" />
                <line number="24" hits="22" branch="False" />
                <line number="25" hits="22" branch="True" condition-coverage="50% (1/2)">
                  <conditions>
                    <condition number="84" type="jump" coverage="50%" />
                  </conditions>
                </line>
                <line number="27" hits="22" branch="False" />
                <line number="28" hits="22" branch="False" />
                <line number="30" hits="22" branch="False" />
                <line number="31" hits="22" branch="False" />
                <line number="32" hits="22" branch="False" />
                <line number="33" hits="22" branch="False" />
                <line number="34" hits="22" branch="False" />
                <line number="35" hits="22" branch="False" />
                <line number="36" hits="22" branch="False" />
                <line number="37" hits="22" branch="False" />
                <line number="38" hits="22" branch="False" />
                <line number="40" hits="22" branch="False" />
                <line number="41" hits="22" branch="False" />
                <line number="42" hits="22" branch="False" />
                <line number="43" hits="22" branch="False" />
                <line number="44" hits="22" branch="False" />
                <line number="45" hits="22" branch="False" />
                <line number="46" hits="22" branch="False" />
                <line number="48" hits="22" branch="False" />
                <line number="49" hits="22" branch="False" />
              </lines>
            </method>
            <method name="GenerateRefreshToken" signature="()" line-rate="1" branch-rate="1" complexity="1">
              <lines>
                <line number="52" hits="23" branch="False" />
                <line number="53" hits="23" branch="False" />
                <line number="54" hits="23" branch="False" />
                <line number="55" hits="23" branch="False" />
                <line number="56" hits="23" branch="False" />
                <line number="57" hits="23" branch="False" />
              </lines>
            </method>
            <method name="ValidateAccessToken" signature="(System.String)" line-rate="0.9655" branch-rate="0.5" complexity="6">
              <lines>
                <line number="60" hits="3" branch="False" />
                <line number="62" hits="3" branch="False" />
                <line number="63" hits="3" branch="True" condition-coverage="50% (1/2)">
                  <conditions>
                    <condition number="19" type="jump" coverage="50%" />
                  </conditions>
                </line>
                <line number="64" hits="3" branch="False" />
                <line number="65" hits="3" branch="False" />
                <line number="66" hits="3" branch="False" />
                <line number="68" hits="3" branch="False" />
                <line number="70" hits="3" branch="False" />
                <line number="71" hits="3" branch="False" />
                <line number="72" hits="3" branch="False" />
                <line number="73" hits="3" branch="False" />
                <line number="74" hits="3" branch="False" />
                <line number="75" hits="3" branch="False" />
                <line number="76" hits="3" branch="False" />
                <line number="77" hits="3" branch="False" />
                <line number="78" hits="3" branch="False" />
                <line number="79" hits="3" branch="False" />
                <line number="80" hits="3" branch="False" />
                <line number="81" hits="3" branch="False" />
                <line number="83" hits="3" branch="False" />
                <line number="85" hits="2" branch="False" />
                <line number="86" hits="2" branch="True" condition-coverage="50% (2/4)">
                  <conditions>
                    <condition number="197" type="jump" coverage="50%" />
                    <condition number="220" type="jump" coverage="50%" />
                  </conditions>
                </line>
                <line number="87" hits="2" branch="False" />
                <line number="88" hits="2" branch="False" />
                <line number="91" hits="0" branch="False" />
                <line number="93" hits="1" branch="False" />
                <line number="94" hits="1" branch="False" />
                <line number="95" hits="1" branch="False" />
                <line number="97" hits="3" branch="False" />
              </lines>
            </method>
            <method name="ValidateRefreshToken" signature="(System.String)" line-rate="1" branch-rate="1" complexity="1">
              <lines>
                <line number="100" hits="2" branch="False" />
                <line number="104" hits="2" branch="False" />
                <line number="105" hits="2" branch="False" />
                <line number="106" hits="1" branch="False" />
                <line number="108" hits="1" branch="False" />
                <line number="109" hits="1" branch="False" />
                <line number="110" hits="1" branch="False" />
                <line number="112" hits="2" branch="False" />
              </lines>
            </method>
            <method name=".ctor" signature="(Microsoft.Extensions.Configuration.IConfiguration)" line-rate="1" branch-rate="1" complexity="1">
              <lines>
                <line number="14" hits="66" branch="False" />
                <line number="15" hits="66" branch="False" />
                <line number="16" hits="66" branch="False" />
                <line number="17" hits="66" branch="False" />
              </lines>
            </method>
          </methods>
          <lines>
            <line number="20" hits="22" branch="False" />
            <line number="21" hits="22" branch="True" condition-coverage="50% (1/2)">
              <conditions>
                <condition number="18" type="jump" coverage="50%" />
              </conditions>
            </line>
            <line number="22" hits="22" branch="False" />
            <line number="23" hits="22" branch="False" />
            <line number="24" hits="22" branch="False" />
            <line number="25" hits="22" branch="True" condition-coverage="50% (1/2)">
              <conditions>
                <condition number="84" type="jump" coverage="50%" />
              </conditions>
            </line>
            <line number="27" hits="22" branch="False" />
            <line number="28" hits="22" branch="False" />
            <line number="30" hits="22" branch="False" />
            <line number="31" hits="22" branch="False" />
            <line number="32" hits="22" branch="False" />
            <line number="33" hits="22" branch="False" />
            <line number="34" hits="22" branch="False" />
            <line number="35" hits="22" branch="False" />
            <line number="36" hits="22" branch="False" />
            <line number="37" hits="22" branch="False" />
            <line number="38" hits="22" branch="False" />
            <line number="40" hits="22" branch="False" />
            <line number="41" hits="22" branch="False" />
            <line number="42" hits="22" branch="False" />
            <line number="43" hits="22" branch="False" />
            <line number="44" hits="22" branch="False" />
            <line number="45" hits="22" branch="False" />
            <line number="46" hits="22" branch="False" />
            <line number="48" hits="22" branch="False" />
            <line number="49" hits="22" branch="False" />
            <line number="52" hits="23" branch="False" />
            <line number="53" hits="23" branch="False" />
            <line number="54" hits="23" branch="False" />
            <line number="55" hits="23" branch="False" />
            <line number="56" hits="23" branch="False" />
            <line number="57" hits="23" branch="False" />
            <line number="60" hits="3" branch="False" />
            <line number="62" hits="3" branch="False" />
            <line number="63" hits="3" branch="True" condition-coverage="50% (1/2)">
              <conditions>
                <condition number="19" type="jump" coverage="50%" />
              </conditions>
            </line>
            <line number="64" hits="3" branch="False" />
            <line number="65" hits="3" branch="False" />
            <line number="66" hits="3" branch="False" />
            <line number="68" hits="3" branch="False" />
            <line number="70" hits="3" branch="False" />
            <line number="71" hits="3" branch="False" />
            <line number="72" hits="3" branch="False" />
            <line number="73" hits="3" branch="False" />
            <line number="74" hits="3" branch="False" />
            <line number="75" hits="3" branch="False" />
            <line number="76" hits="3" branch="False" />
            <line number="77" hits="3" branch="False" />
            <line number="78" hits="3" branch="False" />
            <line number="79" hits="3" branch="False" />
            <line number="80" hits="3" branch="False" />
            <line number="81" hits="3" branch="False" />
            <line number="83" hits="3" branch="False" />
            <line number="85" hits="2" branch="False" />
            <line number="86" hits="2" branch="True" condition-coverage="50% (2/4)">
              <conditions>
                <condition number="197" type="jump" coverage="50%" />
                <condition number="220" type="jump" coverage="50%" />
              </conditions>
            </line>
            <line number="87" hits="2" branch="False" />
            <line number="88" hits="2" branch="False" />
            <line number="91" hits="0" branch="False" />
            <line number="93" hits="1" branch="False" />
            <line number="94" hits="1" branch="False" />
            <line number="95" hits="1" branch="False" />
            <line number="97" hits="3" branch="False" />
            <line number="100" hits="2" branch="False" />
            <line number="104" hits="2" branch="False" />
            <line number="105" hits="2" branch="False" />
            <line number="106" hits="1" branch="False" />
            <line number="108" hits="1" branch="False" />
            <line number="109" hits="1" branch="False" />
            <line number="110" hits="1" branch="False" />
            <line number="112" hits="2" branch="False" />
            <line number="14" hits="66" branch="False" />
            <line number="15" hits="66" branch="False" />
            <line number="16" hits="66" branch="False" />
            <line number="17" hits="66" branch="False" />
          </lines>
        </class>
        <class name="SmartCampus.API.Services.UserService" filename="Services\UserService.cs" line-rate="1" branch-rate="0.6666" complexity="13">
          <methods>
            <method name="MapUserToDto" signature="(SmartCampus.API.Models.User)" line-rate="1" branch-rate="0.6666" complexity="12">
              <lines>
                <line number="307" hits="33" branch="False" />
                <line number="308" hits="33" branch="False" />
                <line number="309" hits="33" branch="False" />
                <line number="310" hits="33" branch="False" />
                <line number="311" hits="33" branch="False" />
                <line number="312" hits="33" branch="False" />
                <line number="313" hits="33" branch="False" />
                <line number="314" hits="33" branch="False" />
                <line number="315" hits="33" branch="False" />
                <line number="316" hits="33" branch="False" />
                <line number="317" hits="33" branch="False" />
                <line number="318" hits="33" branch="False" />
                <line number="319" hits="33" branch="False" />
                <line number="320" hits="33" branch="False" />
                <line number="321" hits="33" branch="False" />
                <line number="323" hits="33" branch="True" condition-coverage="100% (2/2)">
                  <conditions>
                    <condition number="175" type="jump" coverage="100%" />
                  </conditions>
                </line>
                <line number="324" hits="21" branch="False" />
                <line number="325" hits="21" branch="True" condition-coverage="50% (2/4)">
                  <conditions>
                    <condition number="218" type="jump" coverage="50%" />
                    <condition number="230" type="jump" coverage="50%" />
                  </conditions>
                </line>
                <line number="326" hits="21" branch="False" />
                <line number="327" hits="21" branch="False" />
                <line number="328" hits="21" branch="False" />
                <line number="329" hits="21" branch="False" />
                <line number="330" hits="21" branch="False" />
                <line number="331" hits="21" branch="False" />
                <line number="332" hits="21" branch="False" />
                <line number="333" hits="21" branch="False" />
                <line number="334" hits="21" branch="False" />
                <line number="335" hits="21" branch="False" />
                <line number="337" hits="33" branch="True" condition-coverage="100% (2/2)">
                  <conditions>
                    <condition number="352" type="jump" coverage="100%" />
                  </conditions>
                </line>
                <line number="338" hits="5" branch="False" />
                <line number="339" hits="5" branch="True" condition-coverage="50% (2/4)">
                  <conditions>
                    <condition number="395" type="jump" coverage="50%" />
                    <condition number="407" type="jump" coverage="50%" />
                  </conditions>
                </line>
                <line number="340" hits="5" branch="False" />
                <line number="341" hits="5" branch="False" />
                <line number="342" hits="5" branch="False" />
                <line number="343" hits="5" branch="False" />
                <line number="344" hits="5" branch="False" />
                <line number="345" hits="5" branch="False" />
                <line number="346" hits="5" branch="False" />
                <line number="347" hits="5" branch="False" />
                <line number="348" hits="5" branch="False" />
                <line number="350" hits="33" branch="False" />
                <line number="351" hits="33" branch="False" />
              </lines>
            </method>
            <method name=".ctor" signature="(SmartCampus.API.Data.ApplicationDbContext,Microsoft.Extensions.Logging.ILogger`1&lt;SmartCampus.API.Services.UserService&gt;,Microsoft.Extensions.Configuration.IConfiguration,Microsoft.AspNetCore.Hosting.IWebHostEnvironment)" line-rate="1" branch-rate="1" complexity="1">
              <lines>
                <line number="15" hits="29" branch="False" />
                <line number="16" hits="29" branch="False" />
                <line number="17" hits="29" branch="False" />
                <line number="18" hits="29" branch="False" />
                <line number="19" hits="29" branch="False" />
                <line number="20" hits="29" branch="False" />
                <line number="21" hits="29" branch="False" />
                <line number="22" hits="29" branch="False" />
                <line number="23" hits="29" branch="False" />
                <line number="24" hits="29" branch="False" />
                <line number="25" hits="29" branch="False" />
              </lines>
            </method>
          </methods>
          <lines>
            <line number="307" hits="33" branch="False" />
            <line number="308" hits="33" branch="False" />
            <line number="309" hits="33" branch="False" />
            <line number="310" hits="33" branch="False" />
            <line number="311" hits="33" branch="False" />
            <line number="312" hits="33" branch="False" />
            <line number="313" hits="33" branch="False" />
            <line number="314" hits="33" branch="False" />
            <line number="315" hits="33" branch="False" />
            <line number="316" hits="33" branch="False" />
            <line number="317" hits="33" branch="False" />
            <line number="318" hits="33" branch="False" />
            <line number="319" hits="33" branch="False" />
            <line number="320" hits="33" branch="False" />
            <line number="321" hits="33" branch="False" />
            <line number="323" hits="33" branch="True" condition-coverage="100% (2/2)">
              <conditions>
                <condition number="175" type="jump" coverage="100%" />
              </conditions>
            </line>
            <line number="324" hits="21" branch="False" />
            <line number="325" hits="21" branch="True" condition-coverage="50% (2/4)">
              <conditions>
                <condition number="218" type="jump" coverage="50%" />
                <condition number="230" type="jump" coverage="50%" />
              </conditions>
            </line>
            <line number="326" hits="21" branch="False" />
            <line number="327" hits="21" branch="False" />
            <line number="328" hits="21" branch="False" />
            <line number="329" hits="21" branch="False" />
            <line number="330" hits="21" branch="False" />
            <line number="331" hits="21" branch="False" />
            <line number="332" hits="21" branch="False" />
            <line number="333" hits="21" branch="False" />
            <line number="334" hits="21" branch="False" />
            <line number="335" hits="21" branch="False" />
            <line number="337" hits="33" branch="True" condition-coverage="100% (2/2)">
              <conditions>
                <condition number="352" type="jump" coverage="100%" />
              </conditions>
            </line>
            <line number="338" hits="5" branch="False" />
            <line number="339" hits="5" branch="True" condition-coverage="50% (2/4)">
              <conditions>
                <condition number="395" type="jump" coverage="50%" />
                <condition number="407" type="jump" coverage="50%" />
              </conditions>
            </line>
            <line number="340" hits="5" branch="False" />
            <line number="341" hits="5" branch="False" />
            <line number="342" hits="5" branch="False" />
            <line number="343" hits="5" branch="False" />
            <line number="344" hits="5" branch="False" />
            <line number="345" hits="5" branch="False" />
            <line number="346" hits="5" branch="False" />
            <line number="347" hits="5" branch="False" />
            <line number="348" hits="5" branch="False" />
            <line number="350" hits="33" branch="False" />
            <line number="351" hits="33" branch="False" />
            <line number="15" hits="29" branch="False" />
            <line number="16" hits="29" branch="False" />
            <line number="17" hits="29" branch="False" />
            <line number="18" hits="29" branch="False" />
            <line number="19" hits="29" branch="False" />
            <line number="20" hits="29" branch="False" />
            <line number="21" hits="29" branch="False" />
            <line number="22" hits="29" branch="False" />
            <line number="23" hits="29" branch="False" />
            <line number="24" hits="29" branch="False" />
            <line number="25" hits="29" branch="False" />
          </lines>
        </class>
        <class name="SmartCampus.API.Models.EmailVerificationToken" filename="Models\EmailVerificationToken.cs" line-rate="1" branch-rate="0.5" complexity="4">
          <methods>
            <method name="get_IsExpired" signature="()" line-rate="1" branch-rate="1" complexity="1">
              <lines>
                <line number="27" hits="2" branch="False" />
              </lines>
            </method>
            <method name="get_IsUsed" signature="()" line-rate="1" branch-rate="1" complexity="1">
              <lines>
                <line number="30" hits="2" branch="False" />
              </lines>
            </method>
            <method name="get_IsValid" signature="()" line-rate="1" branch-rate="0.5" complexity="2">
              <lines>
                <line number="33" hits="2" branch="True" condition-coverage="50% (1/2)">
                  <conditions>
                    <condition number="6" type="jump" coverage="50%" />
                  </conditions>
                </line>
              </lines>
            </method>
          </methods>
          <lines>
            <line number="27" hits="2" branch="False" />
            <line number="30" hits="2" branch="False" />
            <line number="33" hits="2" branch="True" condition-coverage="50% (1/2)">
              <conditions>
                <condition number="6" type="jump" coverage="50%" />
              </conditions>
            </line>
          </lines>
        </class>
        <class name="SmartCampus.API.Models.PasswordResetToken" filename="Models\PasswordResetToken.cs" line-rate="1" branch-rate="0.5" complexity="4">
          <methods>
            <method name="get_IsExpired" signature="()" line-rate="1" branch-rate="1" complexity="1">
              <lines>
                <line number="30" hits="1" branch="False" />
              </lines>
            </method>
            <method name="get_IsUsed" signature="()" line-rate="1" branch-rate="1" complexity="1">
              <lines>
                <line number="33" hits="1" branch="False" />
              </lines>
            </method>
            <method name="get_IsValid" signature="()" line-rate="1" branch-rate="0.5" complexity="2">
              <lines>
                <line number="36" hits="1" branch="True" condition-coverage="50% (1/2)">
                  <conditions>
                    <condition number="6" type="jump" coverage="50%" />
                  </conditions>
                </line>
              </lines>
            </method>
          </methods>
          <lines>
            <line number="30" hits="1" branch="False" />
            <line number="33" hits="1" branch="False" />
            <line number="36" hits="1" branch="True" condition-coverage="50% (1/2)">
              <conditions>
                <condition number="6" type="jump" coverage="50%" />
              </conditions>
            </line>
          </lines>
        </class>
        <class name="SmartCampus.API.Models.RefreshToken" filename="Models\RefreshToken.cs" line-rate="1" branch-rate="1" complexity="4">
          <methods>
            <method name="get_IsExpired" signature="()" line-rate="1" branch-rate="1" complexity="1">
              <lines>
                <line number="39" hits="2" branch="False" />
              </lines>
            </method>
            <method name="get_IsRevoked" signature="()" line-rate="1" branch-rate="1" complexity="1">
              <lines>
                <line number="42" hits="3" branch="False" />
              </lines>
            </method>
            <method name="get_IsActive" signature="()" line-rate="1" branch-rate="1" complexity="2">
              <lines>
                <line number="45" hits="3" branch="True" condition-coverage="100% (2/2)">
                  <conditions>
                    <condition number="6" type="jump" coverage="100%" />
                  </conditions>
                </line>
              </lines>
            </method>
          </methods>
          <lines>
            <line number="39" hits="2" branch="False" />
            <line number="42" hits="3" branch="False" />
            <line number="45" hits="3" branch="True" condition-coverage="100% (2/2)">
              <conditions>
                <condition number="6" type="jump" coverage="100%" />
              </conditions>
            </line>
          </lines>
        </class>
        <class name="SmartCampus.API.Models.User" filename="Models\User.cs" line-rate="1" branch-rate="1" complexity="1">
          <methods>
            <method name="get_FullName" signature="()" line-rate="1" branch-rate="1" complexity="1">
              <lines>
                <line number="64" hits="83" branch="False" />
              </lines>
            </method>
          </methods>
          <lines>
            <line number="64" hits="83" branch="False" />
          </lines>
        </class>
        <class name="SmartCampus.API.Migrations.InitialCreate" filename="Migrations\20251205171856_InitialCreate.cs" line-rate="0" branch-rate="1" complexity="2">
          <methods>
            <method name="Up" signature="(Microsoft.EntityFrameworkCore.Migrations.MigrationBuilder)" line-rate="0" branch-rate="1" complexity="1">
              <lines>
                <line number="15" hits="0" branch="False" />
                <line number="16" hits="0" branch="False" />
                <line number="17" hits="0" branch="False" />
                <line number="19" hits="0" branch="False" />
                <line number="20" hits="0" branch="False" />
                <line number="21" hits="0" branch="False" />
                <line number="22" hits="0" branch="False" />
                <line number="23" hits="0" branch="False" />
                <line number="24" hits="0" branch="False" />
                <line number="25" hits="0" branch="False" />
                <line number="26" hits="0" branch="False" />
                <line number="27" hits="0" branch="False" />
                <line number="28" hits="0" branch="False" />
                <line number="29" hits="0" branch="False" />
                <line number="30" hits="0" branch="False" />
                <line number="31" hits="0" branch="False" />
                <line number="32" hits="0" branch="False" />
                <line number="33" hits="0" branch="False" />
                <line number="34" hits="0" branch="False" />
                <line number="35" hits="0" branch="False" />
                <line number="36" hits="0" branch="False" />
                <line number="37" hits="0" branch="False" />
                <line number="38" hits="0" branch="False" />
                <line number="39" hits="0" branch="False" />
                <line number="40" hits="0" branch="False" />
                <line number="42" hits="0" branch="False" />
                <line number="43" hits="0" branch="False" />
                <line number="44" hits="0" branch="False" />
                <line number="45" hits="0" branch="False" />
                <line number="46" hits="0" branch="False" />
                <line number="47" hits="0" branch="False" />
                <line number="48" hits="0" branch="False" />
                <line number="49" hits="0" branch="False" />
                <line number="50" hits="0" branch="False" />
                <line number="51" hits="0" branch="False" />
                <line number="52" hits="0" branch="False" />
                <line number="53" hits="0" branch="False" />
                <line number="54" hits="0" branch="False" />
                <line number="55" hits="0" branch="False" />
                <line number="56" hits="0" branch="False" />
                <line number="57" hits="0" branch="False" />
                <line number="58" hits="0" branch="False" />
                <line number="59" hits="0" branch="False" />
                <line number="60" hits="0" branch="False" />
                <line number="61" hits="0" branch="False" />
                <line number="62" hits="0" branch="False" />
                <line number="63" hits="0" branch="False" />
                <line number="64" hits="0" branch="False" />
                <line number="65" hits="0" branch="False" />
                <line number="66" hits="0" branch="False" />
                <line number="67" hits="0" branch="False" />
                <line number="68" hits="0" branch="False" />
                <line number="69" hits="0" branch="False" />
                <line number="70" hits="0" branch="False" />
                <line number="71" hits="0" branch="False" />
                <line number="73" hits="0" branch="False" />
                <line number="74" hits="0" branch="False" />
                <line number="75" hits="0" branch="False" />
                <line number="76" hits="0" branch="False" />
                <line number="77" hits="0" branch="False" />
                <line number="78" hits="0" branch="False" />
                <line number="79" hits="0" branch="False" />
                <line number="80" hits="0" branch="False" />
                <line number="81" hits="0" branch="False" />
                <line number="82" hits="0" branch="False" />
                <line number="83" hits="0" branch="False" />
                <line number="84" hits="0" branch="False" />
                <line number="85" hits="0" branch="False" />
                <line number="86" hits="0" branch="False" />
                <line number="87" hits="0" branch="False" />
                <line number="88" hits="0" branch="False" />
                <line number="89" hits="0" branch="False" />
                <line number="90" hits="0" branch="False" />
                <line number="91" hits="0" branch="False" />
                <line number="92" hits="0" branch="False" />
                <line number="93" hits="0" branch="False" />
                <line number="94" hits="0" branch="False" />
                <line number="95" hits="0" branch="False" />
                <line number="97" hits="0" branch="False" />
                <line number="98" hits="0" branch="False" />
                <line number="99" hits="0" branch="False" />
                <line number="100" hits="0" branch="False" />
                <line number="101" hits="0" branch="False" />
                <line number="102" hits="0" branch="False" />
                <line number="103" hits="0" branch="False" />
                <line number="104" hits="0" branch="False" />
                <line number="105" hits="0" branch="False" />
                <line number="106" hits="0" branch="False" />
                <line number="107" hits="0" branch="False" />
                <line number="108" hits="0" branch="False" />
                <line number="109" hits="0" branch="False" />
                <line number="110" hits="0" branch="False" />
                <line number="111" hits="0" branch="False" />
                <line number="112" hits="0" branch="False" />
                <line number="113" hits="0" branch="False" />
                <line number="114" hits="0" branch="False" />
                <line number="115" hits="0" branch="False" />
                <line number="116" hits="0" branch="False" />
                <line number="117" hits="0" branch="False" />
                <line number="118" hits="0" branch="False" />
                <line number="119" hits="0" branch="False" />
                <line number="120" hits="0" branch="False" />
                <line number="121" hits="0" branch="False" />
                <line number="122" hits="0" branch="False" />
                <line number="123" hits="0" branch="False" />
                <line number="124" hits="0" branch="False" />
                <line number="125" hits="0" branch="False" />
                <line number="126" hits="0" branch="False" />
                <line number="127" hits="0" branch="False" />
                <line number="128" hits="0" branch="False" />
                <line number="129" hits="0" branch="False" />
                <line number="130" hits="0" branch="False" />
                <line number="131" hits="0" branch="False" />
                <line number="132" hits="0" branch="False" />
                <line number="133" hits="0" branch="False" />
                <line number="135" hits="0" branch="False" />
                <line number="136" hits="0" branch="False" />
                <line number="137" hits="0" branch="False" />
                <line number="138" hits="0" branch="False" />
                <line number="139" hits="0" branch="False" />
                <line number="140" hits="0" branch="False" />
                <line number="141" hits="0" branch="False" />
                <line number="142" hits="0" branch="False" />
                <line number="143" hits="0" branch="False" />
                <line number="144" hits="0" branch="False" />
                <line number="145" hits="0" branch="False" />
                <line number="146" hits="0" branch="False" />
                <line number="147" hits="0" branch="False" />
                <line number="148" hits="0" branch="False" />
                <line number="149" hits="0" branch="False" />
                <line number="150" hits="0" branch="False" />
                <line number="151" hits="0" branch="False" />
                <line number="152" hits="0" branch="False" />
                <line number="153" hits="0" branch="False" />
                <line number="154" hits="0" branch="False" />
                <line number="155" hits="0" branch="False" />
                <line number="156" hits="0" branch="False" />
                <line number="157" hits="0" branch="False" />
                <line number="158" hits="0" branch="False" />
                <line number="159" hits="0" branch="False" />
                <line number="161" hits="0" branch="False" />
                <line number="162" hits="0" branch="False" />
                <line number="163" hits="0" branch="False" />
                <line number="164" hits="0" branch="False" />
                <line number="165" hits="0" branch="False" />
                <line number="166" hits="0" branch="False" />
                <line number="167" hits="0" branch="False" />
                <line number="168" hits="0" branch="False" />
                <line number="169" hits="0" branch="False" />
                <line number="170" hits="0" branch="False" />
                <line number="171" hits="0" branch="False" />
                <line number="172" hits="0" branch="False" />
                <line number="173" hits="0" branch="False" />
                <line number="174" hits="0" branch="False" />
                <line number="175" hits="0" branch="False" />
                <line number="176" hits="0" branch="False" />
                <line number="177" hits="0" branch="False" />
                <line number="178" hits="0" branch="False" />
                <line number="179" hits="0" branch="False" />
                <line number="180" hits="0" branch="False" />
                <line number="181" hits="0" branch="False" />
                <line number="182" hits="0" branch="False" />
                <line number="183" hits="0" branch="False" />
                <line number="184" hits="0" branch="False" />
                <line number="185" hits="0" branch="False" />
                <line number="186" hits="0" branch="False" />
                <line number="187" hits="0" branch="False" />
                <line number="188" hits="0" branch="False" />
                <line number="189" hits="0" branch="False" />
                <line number="190" hits="0" branch="False" />
                <line number="191" hits="0" branch="False" />
                <line number="193" hits="0" branch="False" />
                <line number="194" hits="0" branch="False" />
                <line number="195" hits="0" branch="False" />
                <line number="196" hits="0" branch="False" />
                <line number="197" hits="0" branch="False" />
                <line number="198" hits="0" branch="False" />
                <line number="199" hits="0" branch="False" />
                <line number="200" hits="0" branch="False" />
                <line number="201" hits="0" branch="False" />
                <line number="202" hits="0" branch="False" />
                <line number="203" hits="0" branch="False" />
                <line number="204" hits="0" branch="False" />
                <line number="205" hits="0" branch="False" />
                <line number="206" hits="0" branch="False" />
                <line number="207" hits="0" branch="False" />
                <line number="208" hits="0" branch="False" />
                <line number="209" hits="0" branch="False" />
                <line number="210" hits="0" branch="False" />
                <line number="211" hits="0" branch="False" />
                <line number="212" hits="0" branch="False" />
                <line number="213" hits="0" branch="False" />
                <line number="214" hits="0" branch="False" />
                <line number="215" hits="0" branch="False" />
                <line number="216" hits="0" branch="False" />
                <line number="217" hits="0" branch="False" />
                <line number="218" hits="0" branch="False" />
                <line number="219" hits="0" branch="False" />
                <line number="220" hits="0" branch="False" />
                <line number="221" hits="0" branch="False" />
                <line number="222" hits="0" branch="False" />
                <line number="223" hits="0" branch="False" />
                <line number="224" hits="0" branch="False" />
                <line number="225" hits="0" branch="False" />
                <line number="226" hits="0" branch="False" />
                <line number="228" hits="0" branch="False" />
                <line number="229" hits="0" branch="False" />
                <line number="230" hits="0" branch="False" />
                <line number="231" hits="0" branch="False" />
                <line number="232" hits="0" branch="False" />
                <line number="233" hits="0" branch="False" />
                <line number="234" hits="0" branch="False" />
                <line number="235" hits="0" branch="False" />
                <line number="236" hits="0" branch="False" />
                <line number="238" hits="0" branch="False" />
                <line number="239" hits="0" branch="False" />
                <line number="240" hits="0" branch="False" />
                <line number="241" hits="0" branch="False" />
                <line number="242" hits="0" branch="False" />
                <line number="243" hits="0" branch="False" />
                <line number="244" hits="0" branch="False" />
                <line number="245" hits="0" branch="False" />
                <line number="246" hits="0" branch="False" />
                <line number="247" hits="0" branch="False" />
                <line number="248" hits="0" branch="False" />
                <line number="249" hits="0" branch="False" />
                <line number="250" hits="0" branch="False" />
                <line number="251" hits="0" branch="False" />
                <line number="253" hits="0" branch="False" />
                <line number="254" hits="0" branch="False" />
                <line number="255" hits="0" branch="False" />
                <line number="256" hits="0" branch="False" />
                <line number="257" hits="0" branch="False" />
                <line number="258" hits="0" branch="False" />
                <line number="259" hits="0" branch="False" />
                <line number="260" hits="0" branch="False" />
                <line number="262" hits="0" branch="False" />
                <line number="263" hits="0" branch="False" />
                <line number="264" hits="0" branch="False" />
                <line number="265" hits="0" branch="False" />
                <line number="266" hits="0" branch="False" />
                <line number="267" hits="0" branch="False" />
                <line number="268" hits="0" branch="False" />
                <line number="269" hits="0" branch="False" />
                <line number="270" hits="0" branch="False" />
                <line number="271" hits="0" branch="False" />
                <line number="272" hits="0" branch="False" />
                <line number="274" hits="0" branch="False" />
                <line number="275" hits="0" branch="False" />
                <line number="276" hits="0" branch="False" />
                <line number="277" hits="0" branch="False" />
                <line number="278" hits="0" branch="False" />
                <line number="280" hits="0" branch="False" />
                <line number="281" hits="0" branch="False" />
                <line number="282" hits="0" branch="False" />
                <line number="283" hits="0" branch="False" />
                <line number="284" hits="0" branch="False" />
                <line number="286" hits="0" branch="False" />
                <line number="287" hits="0" branch="False" />
                <line number="288" hits="0" branch="False" />
                <line number="289" hits="0" branch="False" />
                <line number="291" hits="0" branch="False" />
                <line number="292" hits="0" branch="False" />
                <line number="293" hits="0" branch="False" />
                <line number="294" hits="0" branch="False" />
                <line number="296" hits="0" branch="False" />
                <line number="297" hits="0" branch="False" />
                <line number="298" hits="0" branch="False" />
                <line number="299" hits="0" branch="False" />
                <line number="300" hits="0" branch="False" />
                <line number="302" hits="0" branch="False" />
                <line number="303" hits="0" branch="False" />
                <line number="304" hits="0" branch="False" />
                <line number="305" hits="0" branch="False" />
                <line number="306" hits="0" branch="False" />
                <line number="308" hits="0" branch="False" />
                <line number="309" hits="0" branch="False" />
                <line number="310" hits="0" branch="False" />
                <line number="311" hits="0" branch="False" />
                <line number="312" hits="0" branch="False" />
                <line number="314" hits="0" branch="False" />
                <line number="315" hits="0" branch="False" />
                <line number="316" hits="0" branch="False" />
                <line number="317" hits="0" branch="False" />
                <line number="319" hits="0" branch="False" />
                <line number="320" hits="0" branch="False" />
                <line number="321" hits="0" branch="False" />
                <line number="322" hits="0" branch="False" />
                <line number="323" hits="0" branch="False" />
                <line number="325" hits="0" branch="False" />
                <line number="326" hits="0" branch="False" />
                <line number="327" hits="0" branch="False" />
                <line number="328" hits="0" branch="False" />
                <line number="330" hits="0" branch="False" />
                <line number="331" hits="0" branch="False" />
                <line number="332" hits="0" branch="False" />
                <line number="333" hits="0" branch="False" />
                <line number="335" hits="0" branch="False" />
                <line number="336" hits="0" branch="False" />
                <line number="337" hits="0" branch="False" />
                <line number="338" hits="0" branch="False" />
                <line number="339" hits="0" branch="False" />
                <line number="341" hits="0" branch="False" />
                <line number="342" hits="0" branch="False" />
                <line number="343" hits="0" branch="False" />
                <line number="344" hits="0" branch="False" />
                <line number="345" hits="0" branch="False" />
                <line number="347" hits="0" branch="False" />
                <line number="348" hits="0" branch="False" />
                <line number="349" hits="0" branch="False" />
                <line number="350" hits="0" branch="False" />
                <line number="351" hits="0" branch="False" />
                <line number="352" hits="0" branch="False" />
              </lines>
            </method>
            <method name="Down" signature="(Microsoft.EntityFrameworkCore.Migrations.MigrationBuilder)" line-rate="0" branch-rate="1" complexity="1">
              <lines>
                <line number="356" hits="0" branch="False" />
                <line number="357" hits="0" branch="False" />
                <line number="358" hits="0" branch="False" />
                <line number="360" hits="0" branch="False" />
                <line number="361" hits="0" branch="False" />
                <line number="363" hits="0" branch="False" />
                <line number="364" hits="0" branch="False" />
                <line number="366" hits="0" branch="False" />
                <line number="367" hits="0" branch="False" />
                <line number="369" hits="0" branch="False" />
                <line number="370" hits="0" branch="False" />
                <line number="372" hits="0" branch="False" />
                <line number="373" hits="0" branch="False" />
                <line number="375" hits="0" branch="False" />
                <line number="376" hits="0" branch="False" />
                <line number="377" hits="0" branch="False" />
              </lines>
            </method>
          </methods>
          <lines>
            <line number="15" hits="0" branch="False" />
            <line number="16" hits="0" branch="False" />
            <line number="17" hits="0" branch="False" />
            <line number="19" hits="0" branch="False" />
            <line number="20" hits="0" branch="False" />
            <line number="21" hits="0" branch="False" />
            <line number="22" hits="0" branch="False" />
            <line number="23" hits="0" branch="False" />
            <line number="24" hits="0" branch="False" />
            <line number="25" hits="0" branch="False" />
            <line number="26" hits="0" branch="False" />
            <line number="27" hits="0" branch="False" />
            <line number="28" hits="0" branch="False" />
            <line number="29" hits="0" branch="False" />
            <line number="30" hits="0" branch="False" />
            <line number="31" hits="0" branch="False" />
            <line number="32" hits="0" branch="False" />
            <line number="33" hits="0" branch="False" />
            <line number="34" hits="0" branch="False" />
            <line number="35" hits="0" branch="False" />
            <line number="36" hits="0" branch="False" />
            <line number="37" hits="0" branch="False" />
            <line number="38" hits="0" branch="False" />
            <line number="39" hits="0" branch="False" />
            <line number="40" hits="0" branch="False" />
            <line number="42" hits="0" branch="False" />
            <line number="43" hits="0" branch="False" />
            <line number="44" hits="0" branch="False" />
            <line number="45" hits="0" branch="False" />
            <line number="46" hits="0" branch="False" />
            <line number="47" hits="0" branch="False" />
            <line number="48" hits="0" branch="False" />
            <line number="49" hits="0" branch="False" />
            <line number="50" hits="0" branch="False" />
            <line number="51" hits="0" branch="False" />
            <line number="52" hits="0" branch="False" />
            <line number="53" hits="0" branch="False" />
            <line number="54" hits="0" branch="False" />
            <line number="55" hits="0" branch="False" />
            <line number="56" hits="0" branch="False" />
            <line number="57" hits="0" branch="False" />
            <line number="58" hits="0" branch="False" />
            <line number="59" hits="0" branch="False" />
            <line number="60" hits="0" branch="False" />
            <line number="61" hits="0" branch="False" />
            <line number="62" hits="0" branch="False" />
            <line number="63" hits="0" branch="False" />
            <line number="64" hits="0" branch="False" />
            <line number="65" hits="0" branch="False" />
            <line number="66" hits="0" branch="False" />
            <line number="67" hits="0" branch="False" />
            <line number="68" hits="0" branch="False" />
            <line number="69" hits="0" branch="False" />
            <line number="70" hits="0" branch="False" />
            <line number="71" hits="0" branch="False" />
            <line number="73" hits="0" branch="False" />
            <line number="74" hits="0" branch="False" />
            <line number="75" hits="0" branch="False" />
            <line number="76" hits="0" branch="False" />
            <line number="77" hits="0" branch="False" />
            <line number="78" hits="0" branch="False" />
            <line number="79" hits="0" branch="False" />
            <line number="80" hits="0" branch="False" />
            <line number="81" hits="0" branch="False" />
            <line number="82" hits="0" branch="False" />
            <line number="83" hits="0" branch="False" />
            <line number="84" hits="0" branch="False" />
            <line number="85" hits="0" branch="False" />
            <line number="86" hits="0" branch="False" />
            <line number="87" hits="0" branch="False" />
            <line number="88" hits="0" branch="False" />
            <line number="89" hits="0" branch="False" />
            <line number="90" hits="0" branch="False" />
            <line number="91" hits="0" branch="False" />
            <line number="92" hits="0" branch="False" />
            <line number="93" hits="0" branch="False" />
            <line number="94" hits="0" branch="False" />
            <line number="95" hits="0" branch="False" />
            <line number="97" hits="0" branch="False" />
            <line number="98" hits="0" branch="False" />
            <line number="99" hits="0" branch="False" />
            <line number="100" hits="0" branch="False" />
            <line number="101" hits="0" branch="False" />
            <line number="102" hits="0" branch="False" />
            <line number="103" hits="0" branch="False" />
            <line number="104" hits="0" branch="False" />
            <line number="105" hits="0" branch="False" />
            <line number="106" hits="0" branch="False" />
            <line number="107" hits="0" branch="False" />
            <line number="108" hits="0" branch="False" />
            <line number="109" hits="0" branch="False" />
            <line number="110" hits="0" branch="False" />
            <line number="111" hits="0" branch="False" />
            <line number="112" hits="0" branch="False" />
            <line number="113" hits="0" branch="False" />
            <line number="114" hits="0" branch="False" />
            <line number="115" hits="0" branch="False" />
            <line number="116" hits="0" branch="False" />
            <line number="117" hits="0" branch="False" />
            <line number="118" hits="0" branch="False" />
            <line number="119" hits="0" branch="False" />
            <line number="120" hits="0" branch="False" />
            <line number="121" hits="0" branch="False" />
            <line number="122" hits="0" branch="False" />
            <line number="123" hits="0" branch="False" />
            <line number="124" hits="0" branch="False" />
            <line number="125" hits="0" branch="False" />
            <line number="126" hits="0" branch="False" />
            <line number="127" hits="0" branch="False" />
            <line number="128" hits="0" branch="False" />
            <line number="129" hits="0" branch="False" />
            <line number="130" hits="0" branch="False" />
            <line number="131" hits="0" branch="False" />
            <line number="132" hits="0" branch="False" />
            <line number="133" hits="0" branch="False" />
            <line number="135" hits="0" branch="False" />
            <line number="136" hits="0" branch="False" />
            <line number="137" hits="0" branch="False" />
            <line number="138" hits="0" branch="False" />
            <line number="139" hits="0" branch="False" />
            <line number="140" hits="0" branch="False" />
            <line number="141" hits="0" branch="False" />
            <line number="142" hits="0" branch="False" />
            <line number="143" hits="0" branch="False" />
            <line number="144" hits="0" branch="False" />
            <line number="145" hits="0" branch="False" />
            <line number="146" hits="0" branch="False" />
            <line number="147" hits="0" branch="False" />
            <line number="148" hits="0" branch="False" />
            <line number="149" hits="0" branch="False" />
            <line number="150" hits="0" branch="False" />
            <line number="151" hits="0" branch="False" />
            <line number="152" hits="0" branch="False" />
[...]
            <line number="116" hits="1" branch="False" />
            <line number="118" hits="1" branch="False" />
            <line number="119" hits="1" branch="False" />
            <line number="120" hits="1" branch="False" />
            <line number="121" hits="1" branch="False" />
            <line number="122" hits="1" branch="False" />
            <line number="123" hits="1" branch="False" />
            <line number="124" hits="1" branch="False" />
            <line number="125" hits="1" branch="False" />
            <line number="126" hits="1" branch="False" />
            <line number="127" hits="1" branch="False" />
            <line number="128" hits="1" branch="False" />
            <line number="129" hits="1" branch="False" />
            <line number="130" hits="1" branch="False" />
            <line number="131" hits="1" branch="False" />
            <line number="132" hits="1" branch="False" />
            <line number="133" hits="1" branch="False" />
            <line number="134" hits="1" branch="False" />
            <line number="135" hits="1" branch="False" />
            <line number="136" hits="1" branch="False" />
            <line number="137" hits="1" branch="False" />
            <line number="138" hits="1" branch="False" />
            <line number="139" hits="1" branch="False" />
            <line number="140" hits="1" branch="False" />
            <line number="141" hits="1" branch="False" />
            <line number="142" hits="1" branch="False" />
            <line number="143" hits="1" branch="False" />
            <line number="144" hits="1" branch="False" />
            <line number="145" hits="1" branch="False" />
            <line number="146" hits="1" branch="False" />
            <line number="147" hits="1" branch="False" />
            <line number="148" hits="1" branch="False" />
            <line number="149" hits="1" branch="False" />
            <line number="150" hits="1" branch="False" />
            <line number="151" hits="1" branch="False" />
            <line number="152" hits="1" branch="False" />
            <line number="155" hits="1" branch="False" />
            <line number="156" hits="1" branch="False" />
            <line number="157" hits="1" branch="False" />
            <line number="158" hits="1" branch="False" />
            <line number="159" hits="1" branch="False" />
            <line number="160" hits="1" branch="False" />
            <line number="161" hits="1" branch="False" />
            <line number="162" hits="1" branch="False" />
            <line number="163" hits="1" branch="False" />
            <line number="164" hits="1" branch="False" />
            <line number="165" hits="1" branch="False" />
            <line number="166" hits="1" branch="False" />
            <line number="167" hits="1" branch="False" />
            <line number="168" hits="1" branch="False" />
            <line number="169" hits="1" branch="False" />
            <line number="170" hits="1" branch="False" />
            <line number="173" hits="1" branch="False" />
            <line number="174" hits="1" branch="False" />
            <line number="176" hits="1" branch="False" />
            <line number="177" hits="1" branch="False" />
            <line number="178" hits="1" branch="False" />
            <line number="179" hits="1" branch="False" />
            <line number="180" hits="1" branch="False" />
            <line number="181" hits="1" branch="False" />
            <line number="182" hits="1" branch="False" />
            <line number="183" hits="1" branch="False" />
            <line number="184" hits="1" branch="False" />
            <line number="185" hits="1" branch="False" />
            <line number="186" hits="1" branch="False" />
            <line number="187" hits="1" branch="False" />
            <line number="188" hits="1" branch="False" />
            <line number="189" hits="1" branch="False" />
            <line number="190" hits="1" branch="False" />
            <line number="191" hits="1" branch="False" />
            <line number="192" hits="1" branch="False" />
            <line number="193" hits="1" branch="False" />
            <line number="194" hits="1" branch="False" />
            <line number="195" hits="1" branch="False" />
            <line number="196" hits="1" branch="False" />
            <line number="197" hits="1" branch="False" />
            <line number="198" hits="1" branch="False" />
            <line number="199" hits="1" branch="False" />
            <line number="200" hits="1" branch="False" />
            <line number="201" hits="1" branch="False" />
            <line number="202" hits="1" branch="False" />
            <line number="203" hits="1" branch="False" />
            <line number="205" hits="1" branch="False" />
            <line number="206" hits="1" branch="False" />
            <line number="207" hits="1" branch="False" />
            <line number="208" hits="1" branch="False" />
            <line number="209" hits="1" branch="False" />
            <line number="210" hits="1" branch="False" />
            <line number="211" hits="1" branch="False" />
            <line number="212" hits="1" branch="False" />
            <line number="213" hits="1" branch="False" />
            <line number="214" hits="1" branch="False" />
            <line number="215" hits="1" branch="False" />
            <line number="216" hits="1" branch="False" />
            <line number="217" hits="1" branch="False" />
            <line number="218" hits="1" branch="False" />
            <line number="219" hits="1" branch="False" />
            <line number="220" hits="1" branch="False" />
            <line number="221" hits="1" branch="False" />
            <line number="222" hits="1" branch="False" />
            <line number="223" hits="1" branch="False" />
            <line number="224" hits="1" branch="False" />
            <line number="225" hits="1" branch="False" />
            <line number="226" hits="1" branch="False" />
            <line number="227" hits="1" branch="False" />
            <line number="228" hits="1" branch="False" />
            <line number="229" hits="1" branch="False" />
            <line number="230" hits="1" branch="False" />
            <line number="231" hits="1" branch="False" />
            <line number="232" hits="1" branch="False" />
            <line number="235" hits="1" branch="False" />
            <line number="236" hits="1" branch="False" />
            <line number="237" hits="1" branch="False" />
            <line number="238" hits="1" branch="False" />
            <line number="239" hits="1" branch="False" />
            <line number="241" hits="1" branch="False" />
            <line number="242" hits="1" branch="False" />
            <line number="243" hits="1" branch="False" />
            <line number="244" hits="1" branch="False" />
            <line number="245" hits="1" branch="False" />
            <line number="246" hits="1" branch="False" />
            <line number="247" hits="1" branch="False" />
            <line number="248" hits="1" branch="False" />
            <line number="249" hits="1" branch="False" />
            <line number="250" hits="1" branch="False" />
            <line number="251" hits="1" branch="False" />
            <line number="252" hits="1" branch="False" />
            <line number="253" hits="1" branch="False" />
            <line number="254" hits="1" branch="False" />
            <line number="255" hits="1" branch="False" />
            <line number="256" hits="1" branch="False" />
            <line number="257" hits="1" branch="False" />
            <line number="258" hits="1" branch="False" />
            <line number="259" hits="1" branch="False" />
            <line number="260" hits="1" branch="False" />
            <line number="261" hits="1" branch="False" />
            <line number="262" hits="1" branch="False" />
            <line number="263" hits="1" branch="False" />
            <line number="264" hits="1" branch="False" />
            <line number="265" hits="1" branch="False" />
            <line number="266" hits="1" branch="False" />
            <line number="267" hits="1" branch="False" />
            <line number="268" hits="1" branch="False" />
            <line number="269" hits="1" branch="False" />
            <line number="270" hits="1" branch="False" />
            <line number="271" hits="1" branch="False" />
            <line number="272" hits="1" branch="False" />
            <line number="273" hits="1" branch="False" />
            <line number="274" hits="1" branch="False" />
            <line number="275" hits="1" branch="False" />
            <line number="276" hits="1" branch="False" />
            <line number="277" hits="1" branch="False" />
            <line number="278" hits="1" branch="False" />
            <line number="279" hits="1" branch="False" />
            <line number="280" hits="1" branch="False" />
            <line number="281" hits="1" branch="False" />
            <line number="282" hits="1" branch="False" />
            <line number="283" hits="1" branch="False" />
            <line number="284" hits="1" branch="False" />
            <line number="285" hits="1" branch="False" />
            <line number="286" hits="1" branch="False" />
            <line number="287" hits="1" branch="False" />
            <line number="288" hits="1" branch="False" />
            <line number="289" hits="1" branch="False" />
            <line number="290" hits="1" branch="False" />
            <line number="291" hits="1" branch="False" />
            <line number="292" hits="1" branch="False" />
            <line number="293" hits="1" branch="False" />
            <line number="294" hits="1" branch="False" />
            <line number="295" hits="1" branch="False" />
            <line number="296" hits="1" branch="False" />
            <line number="297" hits="1" branch="False" />
            <line number="298" hits="1" branch="False" />
            <line number="299" hits="1" branch="False" />
            <line number="300" hits="1" branch="False" />
            <line number="301" hits="1" branch="False" />
            <line number="302" hits="1" branch="False" />
            <line number="303" hits="1" branch="False" />
            <line number="304" hits="1" branch="False" />
            <line number="305" hits="1" branch="False" />
            <line number="306" hits="1" branch="False" />
            <line number="307" hits="1" branch="False" />
            <line number="309" hits="1" branch="False" />
            <line number="310" hits="1" branch="False" />
            <line number="311" hits="1" branch="False" />
            <line number="312" hits="1" branch="False" />
            <line number="313" hits="1" branch="False" />
            <line number="314" hits="1" branch="False" />
            <line number="315" hits="1" branch="False" />
            <line number="316" hits="1" branch="False" />
            <line number="317" hits="1" branch="False" />
            <line number="318" hits="1" branch="False" />
            <line number="319" hits="1" branch="False" />
            <line number="320" hits="1" branch="False" />
            <line number="321" hits="1" branch="False" />
            <line number="322" hits="1" branch="False" />
            <line number="323" hits="1" branch="False" />
            <line number="324" hits="1" branch="False" />
            <line number="325" hits="1" branch="False" />
            <line number="326" hits="1" branch="False" />
            <line number="327" hits="1" branch="False" />
            <line number="328" hits="1" branch="False" />
            <line number="329" hits="1" branch="False" />
            <line number="330" hits="1" branch="False" />
            <line number="331" hits="1" branch="False" />
            <line number="332" hits="1" branch="False" />
            <line number="333" hits="1" branch="False" />
            <line number="334" hits="1" branch="False" />
            <line number="335" hits="1" branch="False" />
            <line number="336" hits="1" branch="False" />
            <line number="337" hits="1" branch="False" />
            <line number="338" hits="1" branch="False" />
            <line number="339" hits="1" branch="False" />
            <line number="340" hits="1" branch="False" />
            <line number="341" hits="1" branch="False" />
            <line number="342" hits="1" branch="False" />
            <line number="343" hits="1" branch="False" />
            <line number="344" hits="1" branch="False" />
            <line number="345" hits="1" branch="False" />
            <line number="346" hits="1" branch="False" />
            <line number="347" hits="1" branch="False" />
            <line number="348" hits="1" branch="False" />
            <line number="349" hits="1" branch="False" />
            <line number="350" hits="1" branch="False" />
            <line number="351" hits="1" branch="False" />
            <line number="352" hits="1" branch="False" />
            <line number="353" hits="1" branch="False" />
            <line number="354" hits="1" branch="False" />
            <line number="355" hits="1" branch="False" />
            <line number="356" hits="1" branch="False" />
            <line number="357" hits="1" branch="False" />
            <line number="358" hits="1" branch="False" />
            <line number="359" hits="1" branch="False" />
            <line number="360" hits="1" branch="False" />
            <line number="361" hits="1" branch="False" />
            <line number="362" hits="1" branch="False" />
            <line number="363" hits="1" branch="False" />
            <line number="364" hits="1" branch="False" />
            <line number="365" hits="1" branch="False" />
            <line number="366" hits="1" branch="False" />
            <line number="367" hits="1" branch="False" />
            <line number="368" hits="1" branch="False" />
            <line number="369" hits="1" branch="False" />
            <line number="370" hits="1" branch="False" />
            <line number="371" hits="1" branch="False" />
            <line number="372" hits="1" branch="False" />
            <line number="373" hits="1" branch="False" />
            <line number="374" hits="1" branch="False" />
            <line number="375" hits="1" branch="False" />
            <line number="376" hits="1" branch="False" />
            <line number="377" hits="1" branch="False" />
            <line number="378" hits="1" branch="False" />
            <line number="379" hits="1" branch="False" />
            <line number="380" hits="1" branch="False" />
            <line number="381" hits="1" branch="False" />
            <line number="9" hits="91" branch="False" />
            <line number="10" hits="91" branch="False" />
            <line number="11" hits="91" branch="False" />
          </lines>
        </class>
        <class name="SmartCampus.API.Controllers.AuthController" filename="Controllers\AuthController.cs" line-rate="0.909" branch-rate="0.5" complexity="5">
          <methods>
            <method name="GetCurrentUserId" signature="()" line-rate="0.8571" branch-rate="0.5" complexity="4">
              <lines>
                <line number="199" hits="1" branch="False" />
                <line number="200" hits="1" branch="False" />
                <line number="201" hits="1" branch="True" condition-coverage="50% (2/4)">
                  <conditions>
                    <condition number="19" type="jump" coverage="50%" />
                    <condition number="39" type="jump" coverage="50%" />
                  </conditions>
                </line>
                <line number="202" hits="1" branch="False" />
                <line number="203" hits="1" branch="False" />
                <line number="205" hits="0" branch="False" />
                <line number="206" hits="1" branch="False" />
              </lines>
            </method>
            <method name=".ctor" signature="(SmartCampus.API.Services.IAuthService)" line-rate="1" branch-rate="1" complexity="1">
              <lines>
                <line number="15" hits="41" branch="False" />
                <line number="16" hits="41" branch="False" />
                <line number="17" hits="41" branch="False" />
                <line number="18" hits="41" branch="False" />
              </lines>
            </method>
          </methods>
          <lines>
            <line number="199" hits="1" branch="False" />
            <line number="200" hits="1" branch="False" />
            <line number="201" hits="1" branch="True" condition-coverage="50% (2/4)">
              <conditions>
                <condition number="19" type="jump" coverage="50%" />
                <condition number="39" type="jump" coverage="50%" />
              </conditions>
            </line>
            <line number="202" hits="1" branch="False" />
            <line number="203" hits="1" branch="False" />
            <line number="205" hits="0" branch="False" />
            <line number="206" hits="1" branch="False" />
            <line number="15" hits="41" branch="False" />
            <line number="16" hits="41" branch="False" />
            <line number="17" hits="41" branch="False" />
            <line number="18" hits="41" branch="False" />
          </lines>
        </class>
        <class name="SmartCampus.API.Controllers.UsersController" filename="Controllers\UsersController.cs" line-rate="0.909" branch-rate="0.5" complexity="5">
          <methods>
            <method name="GetCurrentUserId" signature="()" line-rate="0.8571" branch-rate="0.5" complexity="4">
              <lines>
                <line number="166" hits="6" branch="False" />
                <line number="167" hits="6" branch="False" />
                <line number="168" hits="6" branch="True" condition-coverage="50% (2/4)">
                  <conditions>
                    <condition number="19" type="jump" coverage="50%" />
                    <condition number="39" type="jump" coverage="50%" />
                  </conditions>
                </line>
                <line number="169" hits="6" branch="False" />
                <line number="170" hits="6" branch="False" />
                <line number="172" hits="0" branch="False" />
                <line number="173" hits="6" branch="False" />
              </lines>
            </method>
            <method name=".ctor" signature="(SmartCampus.API.Services.IUserService)" line-rate="1" branch-rate="1" complexity="1">
              <lines>
                <line number="15" hits="11" branch="False" />
                <line number="16" hits="11" branch="False" />
                <line number="17" hits="11" branch="False" />
                <line number="18" hits="11" branch="False" />
              </lines>
            </method>
          </methods>
          <lines>
            <line number="166" hits="6" branch="False" />
            <line number="167" hits="6" branch="False" />
            <line number="168" hits="6" branch="True" condition-coverage="50% (2/4)">
              <conditions>
                <condition number="19" type="jump" coverage="50%" />
                <condition number="39" type="jump" coverage="50%" />
              </conditions>
            </line>
            <line number="169" hits="6" branch="False" />
            <line number="170" hits="6" branch="False" />
            <line number="172" hits="0" branch="False" />
            <line number="173" hits="6" branch="False" />
            <line number="15" hits="11" branch="False" />
            <line number="16" hits="11" branch="False" />
            <line number="17" hits="11" branch="False" />
            <line number="18" hits="11" branch="False" />
          </lines>
        </class>
      </classes>
    </package>
  </packages>
</coverage>